<testsuites>
    <testsuite name="validar-homepage-falcon;eu-faço-login" tests="8" failures="0" errors="0" skipped="0" timestamp="Wed, 19 Jan 2022 01:47:45 GMT" time="2.6769999999999996">
        <testcase name="Beforeundefined" classname="validar-homepage-falcon;eu-faço-login" time="0.001">
        </testcase>
        <testcase name="Beforeundefined" classname="validar-homepage-falcon;eu-faço-login" time="1.156">
        </testcase>
        <testcase name="Dado Acesso à Home" classname="validar-homepage-falcon;eu-faço-login" time="1.03">
        </testcase>
        <testcase name="Quando Clicar no botão logar" classname="validar-homepage-falcon;eu-faço-login" time="0.067">
        </testcase>
        <testcase name="Então Realize o login com sucesso" classname="validar-homepage-falcon;eu-faço-login" time="0.312">
        </testcase>
        <testcase name="Afterundefined" classname="validar-homepage-falcon;eu-faço-login" time="0.109">
        </testcase>
        <testcase name="Afterundefined" classname="validar-homepage-falcon;eu-faço-login" time="0.002">
        </testcase>
        <testcase name="Afterundefined" classname="validar-homepage-falcon;eu-faço-login" time="0">
        </testcase>
    </testsuite>
</testsuites>